<?xml version="1.0" encoding="UTF-8"?>
<!-- Generated by org.testng.reporters.JUnitXMLReporter -->
<testsuite ignored="0" hostname="Deepaks-MacBook-Air-2.local" failures="0" tests="1" name="Test" time="16.013" errors="0" timestamp="2021-11-20T18:44:45 EST">
  <testcase classname="test.LambdatestAssignment" name="@AfterTest afterTest" time="0.001">
    <failure type="java.lang.NullPointerException" message="Cannot invoke &amp;quot;org.openqa.selenium.WebDriver.quit()&amp;quot; because &amp;quot;this.driver&amp;quot; is null">
      <![CDATA[java.lang.NullPointerException: Cannot invoke "org.openqa.selenium.WebDriver.quit()" because "this.driver" is null
at utils.Common.quitBrowser(Common.java:66)
at test.LambdatestAssignment.afterTest(LambdatestAssignment.java:170)
... Removed 24 stack frames]]>
    </failure>
  </testcase> <!-- @AfterTest afterTest -->
  <testcase classname="test.LambdatestAssignment" name="lambdatestAdvanceCertificationDeepakChowbey" time="4.317"/>
</testsuite> <!-- Test -->
