<?xml version="1.0" encoding="UTF-8"?>
<!-- Generated by org.testng.reporters.JUnitXMLReporter -->
<testsuite ignored="0" hostname="Deepaks-MacBook-Air-2.local" failures="0" tests="1" name="Test Safari" time="15.016" errors="0" timestamp="2021-11-20T20:53:30 EST">
  <testcase classname="test.LambdatestAssignment" name="@AfterTest afterTest" time="0.0">
    <failure type="java.lang.NullPointerException" message="Cannot invoke &amp;quot;org.openqa.selenium.WebDriver.quit()&amp;quot; because &amp;quot;this.driver&amp;quot; is null">
      <![CDATA[java.lang.NullPointerException: Cannot invoke "org.openqa.selenium.WebDriver.quit()" because "this.driver" is null
at utils.Common.quitBrowser(Common.java:66)
at test.LambdatestAssignment.afterTest(LambdatestAssignment.java:170)
at java.base/java.util.concurrent.FutureTask.run(FutureTask.java:264)
at java.base/java.util.concurrent.ThreadPoolExecutor.runWorker(ThreadPoolExecutor.java:1136)
at java.base/java.util.concurrent.ThreadPoolExecutor$Worker.run(ThreadPoolExecutor.java:635)
at java.base/java.lang.Thread.run(Thread.java:833)
... Removed 15 stack frames]]>
    </failure>
  </testcase> <!-- @AfterTest afterTest -->
  <testcase classname="test.LambdatestAssignment" name="lambdatestAdvanceCertificationDeepakChowbey" time="4.987"/>
</testsuite> <!-- Test Safari -->
